Build started 14.5.2017 г. 17:31:22.
     1>Project "C:\Users\Ivo\Desktop\Raytracer\projects\Raytracer.vcxproj" on node 2 (Build target(s)).
     1>Link:
         C:\Program Files (x86)\Microsoft Visual Studio 12.0\VC\bin\link.exe /ERRORREPORT:PROMPT /OUT:"C:\Users\Ivo\Desktop\Raytracer\\bin\Debug\Raytracer.exe" /INCREMENTAL /NOLOGO /LIBPATH:C:\Users\Ivo\Desktop\Raytracer\extern\sdl\lib\x64 SDL2.lib SDL2main.lib kernel32.lib user32.lib gdi32.lib winspool.lib comdlg32.lib advapi32.lib shell32.lib ole32.lib oleaut32.lib uuid.lib odbc32.lib odbccp32.lib /MANIFEST /MANIFESTUAC:"level='asInvoker' uiAccess='false'" /manifest:embed /DEBUG /PDB:"C:\Users\Ivo\Desktop\Raytracer\\bin\Debug\Raytracer.pdb" /SUBSYSTEM:CONSOLE /TLBID:1 /DYNAMICBASE /NXCOMPAT /IMPLIB:"C:\Users\Ivo\Desktop\Raytracer\\bin\Debug\Raytracer.lib" /MACHINE:X86 C:\Users\Ivo\Desktop\Raytracer\\tmp\Debug\camera.obj
         C:\Users\Ivo\Desktop\Raytracer\\tmp\Debug\plane.obj
         C:\Users\Ivo\Desktop\Raytracer\\tmp\Debug\sphere.obj
         C:\Users\Ivo\Desktop\Raytracer\\tmp\Debug\color.obj
         C:\Users\Ivo\Desktop\Raytracer\\tmp\Debug\checkershader.obj
         C:\Users\Ivo\Desktop\Raytracer\\tmp\Debug\mat4x4.obj
         C:\Users\Ivo\Desktop\Raytracer\\tmp\Debug\mathutil.obj
         C:\Users\Ivo\Desktop\Raytracer\\tmp\Debug\vec4.obj
         C:\Users\Ivo\Desktop\Raytracer\\tmp\Debug\main.obj
         C:\Users\Ivo\Desktop\Raytracer\\tmp\Debug\profilemanager.obj
         C:\Users\Ivo\Desktop\Raytracer\\tmp\Debug\raytracingrenderer.obj
         C:\Users\Ivo\Desktop\Raytracer\\tmp\Debug\sdlinputhandler_camera.obj
         C:\Users\Ivo\Desktop\Raytracer\\tmp\Debug\sdlwindow.obj
         C:\Users\Ivo\Desktop\Raytracer\\tmp\Debug\world.obj
         Raytracer.vcxproj -> C:\Users\Ivo\Desktop\Raytracer\\bin\Debug\Raytracer.exe
     1>Done Building Project "C:\Users\Ivo\Desktop\Raytracer\projects\Raytracer.vcxproj" (Build target(s)).

Build succeeded.

Time Elapsed 00:00:00.30
